<?xml version="1.0" encoding="UTF-8"?>
<!-- Generated by org.testng.reporters.JUnitReportReporter -->
<testsuite hostname="Swamy" failures="0" tests="1" name="com.internetBanking.testCases.TC_LoginTest_001" time="15.206" errors="0" timestamp="2021-12-15T23:20:26 IST" skipped="0">
  <testcase classname="com.internetBanking.testCases.TC_LoginTest_001" name="loginTest" time="15.206"/>
  <system-out/>
</testsuite> <!-- com.internetBanking.testCases.TC_LoginTest_001 -->
