<?xml version="1.0" encoding="UTF-8"?>
<!-- Generated by org.testng.reporters.JUnitReportReporter -->
<testsuite hostname="Swamy" failures="0" tests="1" name="com.internetBanking.testCases.TC_AddNewCustomerTest" time="18.707" errors="0" timestamp="2021-12-16T17:16:33 IST" skipped="0">
  <testcase classname="com.internetBanking.testCases.TC_AddNewCustomerTest" name="addNewCustomer" time="18.707"/>
  <system-out/>
</testsuite> <!-- com.internetBanking.testCases.TC_AddNewCustomerTest -->
