<?xml version="1.0" encoding="UTF-8"?>
<!-- Generated by org.testng.reporters.JUnitReportReporter -->
<testsuite hostname="Swamy" failures="0" tests="1" name="com.internetBanking.testCases.TC_LoginTest_001" time="18.446" errors="0" timestamp="2021-12-22T11:20:26 IST" skipped="0">
  <testcase classname="com.internetBanking.testCases.TC_LoginTest_001" name="loginTest" time="18.446"/>
  <system-out/>
</testsuite> <!-- com.internetBanking.testCases.TC_LoginTest_001 -->
